<?xml version="1.0" encoding="UTF-8"?>
<testsuite xmlns:xsi="http://www.w3.org/2001/XMLSchema-instance" xsi:noNamespaceSchemaLocation="https://maven.apache.org/surefire/maven-surefire-plugin/xsd/surefire-test-report-3.0.xsd" version="3.0" name="TestSuite" time="6.172" tests="2" errors="0" skipped="0" failures="0">
  <properties>
[...]
</properties>
  <testcase name="test1" classname="GitHub.APIoperations" time="2.517">
    <system-out><![CDATA[[TestNGContentHandler] [WARN] It is strongly recommended to add "<!DOCTYPE suite SYSTEM "http://testng.org/testng-1.0.dtd" >" at the top of your file, otherwise TestNG may fail or not work as expected.
[{"id":447699727,"node_id":"R_kgDOGq9bDw","name":"AmazonEcom","full_name":"arunarudra/AmazonEcom","private":false,"owner":{"login":"arunarudra","id":94309818,"node_id":"U_kgDOBZ8Nug","avatar_url":"https://avatars.githubusercontent.com/u/94309818?v=4","gravatar_id":"","url":"https://api.github.com/users/arunarudra","html_url":"https://github.com/arunarudra","followers_url":"https://api.github.com/users/arunarudra/followers","following_url":"https://api.github.com/users/arunarudra/following{/other_user}","gists_url":"https://api.github.com/users/arunarudra/gists{/gist_id}","starred_url":"https://api.github.com/users/arunarudra/starred{/owner}{/repo}","subscriptions_url":"https://api.github.com/users/arunarudra/subscriptions","organizations_url":"https://api.github.com/users/arunarudra/orgs","repos_url":"https://api.github.com/users/arunarudra/repos","events_url":"https://api.github.com/users/arunarudra/events{/privacy}","received_events_url":"https://api.github.com/users/arunarudra/received_events","type":"User","site_admin":false},"html_url":"https://github.com/arunarudra/AmazonEcom","description":null,"fork":false,"url":"https://api.github.com/repos/arunarudra/AmazonEcom","forks_url":"https://api.github.com/repos/arunarudra/AmazonEcom/forks","keys_url":"https://api.github.com/repos/arunarudra/AmazonEcom/keys{/key_id}","collaborators_url":"https://api.github.com/repos/arunarudra/AmazonEcom/collaborators{/collaborator}","teams_url":"https://api.github.com/repos/arunarudra/AmazonEcom/teams","hooks_url":"https://api.github.com/repos/arunarudra/AmazonEcom/hooks","issue_events_url":"https://api.github.com/repos/arunarudra/AmazonEcom/issues/events{/number}","events_url":"https://api.github.com/repos/arunarudra/AmazonEcom/events","assignees_url":"https://api.github.com/repos/arunarudra/AmazonEcom/assignees{/user}","branches_url":"https://api.github.com/repos/arunarudra/AmazonEcom/branches{/branch}","tags_url":"https://api.github.com/repos/arunarudra/AmazonEcom/tags","blobs_url":"https://api.github.com/repos/arunarudra/AmazonEcom/git/blobs{/sha}","git_tags_url":"https://api.github.com/repos/arunarudra/AmazonEcom/git/tags{/sha}","git_refs_url":"https://api.github.com/repos/arunarudra/AmazonEcom/git/refs{/sha}","trees_url":"https://api.github.com/repos/arunarudra/AmazonEcom/git/trees{/sha}","statuses_url":"https://api.github.com/repos/arunarudra/AmazonEcom/statuses/{sha}","languages_url":"https://api.github.com/repos/arunarudra/AmazonEcom/languages","stargazers_url":"https://api.github.com/repos/arunarudra/AmazonEcom/stargazers","contributors_url":"https://api.github.com/repos/arunarudra/AmazonEcom/contributors","subscribers_url":"https://api.github.com/repos/arunarudra/AmazonEcom/subscribers","subscription_url":"https://api.github.com/repos/arunarudra/AmazonEcom/subscription","commits_url":"https://api.github.com/repos/arunarudra/AmazonEcom/commits{/sha}","git_commits_url":"https://api.github.com/repos/arunarudra/AmazonEcom/git/commits{/sha}","comments_url":"https://api.github.com/repos/arunarudra/AmazonEcom/comments{/number}","issue_comment_url":"https://api.github.com/repos/arunarudra/AmazonEcom/issues/comments{/number}","contents_url":"https://api.github.com/repos/arunarudra/AmazonEcom/contents/{+path}","compare_url":"https://api.github.com/repos/arunarudra/AmazonEcom/compare/{base}...{head}","merges_url":"https://api.github.com/repos/arunarudra/AmazonEcom/merges","archive_url":"https://api.github.com/repos/arunarudra/AmazonEcom/{archive_format}{/ref}","downloads_url":"https://api.github.com/repos/arunarudra/AmazonEcom/downloads","issues_url":"https://api.github.com/repos/arunarudra/AmazonEcom/issues{/number}","pulls_url":"https://api.github.com/repos/arunarudra/AmazonEcom/pulls{/number}","milestones_url":"https://api.github.com/repos/arunarudra/AmazonEcom/milestones{/number}","notifications_url":"https://api.github.com/repos/arunarudra/AmazonEcom/notifications{?since,all,participating}","labels_url":"https://api.github.com/repos/arunarudra/AmazonEcom/labels{/name}","releases_url":"https://api.github.com/repos/arunarudra/AmazonEcom/releases{/id}","deployments_url":"https://api.github.com/repos/arunarudra/AmazonEcom/deployments","created_at":"2022-01-13T17:57:10Z","updated_at":"2022-01-13T17:59:16Z","pushed_at":"2022-01-13T17:59:12Z","git_url":"git://github.com/arunarudra/AmazonEcom.git","ssh_url":"git@github.com:arunarudra/AmazonEcom.git","clone_url":"https://github.com/arunarudra/AmazonEcom.git","svn_url":"https://github.com/arunarudra/AmazonEcom","homepage":null,"size":5997,"stargazers_count":0,"watchers_count":0,"language":"HTML","has_issues":true,"has_projects":true,"has_downloads":true,"has_wiki":true,"has_pages":false,"forks_count":0,"mirror_url":null,"archived":false,"disabled":false,"open_issues_count":0,"license":null,"allow_forking":true,"is_template":false,"topics":[],"visibility":"public","forks":0,"open_issues":0,"watchers":0,"default_branch":"master"},{"id":438296756,"node_id":"R_kgDOGh_gtA","name":"Aruna-","full_name":"arunarudra/Aruna-","private":false,"owner":{"login":"arunarudra","id":94309818,"node_id":"U_kgDOBZ8Nug","avatar_url":"https://avatars.githubusercontent.com/u/94309818?v=4","gravatar_id":"","url":"https://api.github.com/users/arunarudra","html_url":"https://github.com/arunarudra","followers_url":"https://api.github.com/users/arunarudra/followers","following_url":"https://api.github.com/users/arunarudra/following{/other_user}","gists_url":"https://api.github.com/users/arunarudra/gists{/gist_id}","starred_url":"https://api.github.com/users/arunarudra/starred{/owner}{/repo}","subscriptions_url":"https://api.github.com/users/arunarudra/subscriptions","organizations_url":"https://api.github.com/users/arunarudra/orgs","repos_url":"https://api.github.com/users/arunarudra/repos","events_url":"https://api.github.com/users/arunarudra/events{/privacy}","received_events_url":"https://api.github.com/users/arunarudra/received_events","type":"User","site_admin":false},"html_url":"https://github.com/arunarudra/Aruna-","description":null,"fork":false,"url":"https://api.github.com/repos/arunarudra/Aruna-","forks_url":"https://api.github.com/repos/arunarudra/Aruna-/forks","keys_url":"https://api.github.com/repos/arunarudra/Aruna-/keys{/key_id}","collaborators_url":"https://api.github.com/repos/arunarudra/Aruna-/collaborators{/collaborator}","teams_url":"https://api.github.com/repos/arunarudra/Aruna-/teams","hooks_url":"https://api.github.com/repos/arunarudra/Aruna-/hooks","issue_events_url":"https://api.github.com/repos/arunarudra/Aruna-/issues/events{/number}","events_url":"https://api.github.com/repos/arunarudra/Aruna-/events","assignees_url":"https://api.github.com/repos/arunarudra/Aruna-/assignees{/user}","branches_url":"https://api.github.com/repos/arunarudra/Aruna-/branches{/branch}","tags_url":"https://api.github.com/repos/arunarudra/Aruna-/tags","blobs_url":"https://api.github.com/repos/arunarudra/Aruna-/git/blobs{/sha}","git_tags_url":"https://api.github.com/repos/arunarudra/Aruna-/git/tags{/sha}","git_refs_url":"https://api.github.com/repos/arunarudra/Aruna-/git/refs{/sha}","trees_url":"https://api.github.com/repos/arunarudra/Aruna-/git/trees{/sha}","statuses_url":"https://api.github.com/repos/arunarudra/Aruna-/statuses/{sha}","languages_url":"https://api.github.com/repos/arunarudra/Aruna-/languages","stargazers_url":"https://api.github.com/repos/arunarudra/Aruna-/stargazers","contributors_url":"https://api.github.com/repos/arunarudra/Aruna-/contributors","subscribers_url":"https://api.github.com/repos/arunarudra/Aruna-/subscribers","subscription_url":"https://api.github.com/repos/arunarudra/Aruna-/subscription","commits_url":"https://api.github.com/repos/arunarudra/Aruna-/commits{/sha}","git_commits_url":"https://api.github.com/repos/arunarudra/Aruna-/git/commits{/sha}","comments_url":"https://api.github.com/repos/arunarudra/Aruna-/comments{/number}","issue_comment_url":"https://api.github.com/repos/arunarudra/Aruna-/issues/comments{/number}","contents_url":"https://api.github.com/repos/arunarudra/Aruna-/contents/{+path}","compare_url":"https://api.github.com/repos/arunarudra/Aruna-/compare/{base}...{head}","merges_url":"https://api.github.com/repos/arunarudra/Aruna-/merges","archive_url":"https://api.github.com/repos/arunarudra/Aruna-/{archive_format}{/ref}","downloads_url":"https://api.github.com/repos/arunarudra/Aruna-/downloads","issues_url":"https://api.github.com/repos/arunarudra/Aruna-/issues{/number}","pulls_url":"https://api.github.com/repos/arunarudra/Aruna-/pulls{/number}","milestones_url":"https://api.github.com/repos/arunarudra/Aruna-/milestones{/number}","notifications_url":"https://api.github.com/repos/arunarudra/Aruna-/notifications{?since,all,participating}","labels_url":"https://api.github.com/repos/arunarudra/Aruna-/labels{/name}","releases_url":"https://api.github.com/repos/arunarudra/Aruna-/releases{/id}","deployments_url":"https://api.github.com/repos/arunarudra/Aruna-/deployments","created_at":"2021-12-14T15:06:22Z","updated_at":"2021-12-14T15:08:33Z","pushed_at":"2021-12-14T15:08:30Z","git_url":"git://github.com/arunarudra/Aruna-.git","ssh_url":"git@github.com:arunarudra/Aruna-.git","clone_url":"https://github.com/arunarudra/Aruna-.git","svn_url":"https://github.com/arunarudra/Aruna-","homepage":null,"size":275,"stargazers_count":0,"watchers_count":0,"language":null,"has_issues":true,"has_projects":true,"has_downloads":true,"has_wiki":true,"has_pages":false,"forks_count":0,"mirror_url":null,"archived":false,"disabled":false,"open_issues_count":0,"license":null,"allow_forking":true,"is_template":false,"topics":[],"visibility":"public","forks":0,"open_issues":0,"watchers":0,"default_branch":"main"},{"id":446931706,"node_id":"R_kgDOGqOi-g","name":"CRMTesting","full_name":"arunarudra/CRMTesting","private":false,"owner":{"login":"arunarudra","id":94309818,"node_id":"U_kgDOBZ8Nug","avatar_url":"https://avatars.githubusercontent.com/u/94309818?v=4","gravatar_id":"","url":"https://api.github.com/users/arunarudra","html_url":"https://github.com/arunarudra","followers_url":"https://api.github.com/users/arunarudra/followers","following_url":"https://api.github.com/users/arunarudra/following{/other_user}","gists_url":"https://api.github.com/users/arunarudra/gists{/gist_id}","starred_url":"https://api.github.com/users/arunarudra/starred{/owner}{/repo}","subscriptions_url":"https://api.github.com/users/arunarudra/subscriptions","organizations_url":"https://api.github.com/users/arunarudra/orgs","repos_url":"https://api.github.com/users/arunarudra/repos","events_url":"https://api.github.com/users/arunarudra/events{/privacy}","received_events_url":"https://api.github.com/users/arunarudra/received_events","type":"User","site_admin":false},"html_url":"https://github.com/arunarudra/CRMTesting","description":null,"fork":false,"url":"https://api.github.com/repos/arunarudra/CRMTesting","forks_url":"https://api.github.com/repos/arunarudra/CRMTesting/forks","keys_url":"https://api.github.com/repos/arunarudra/CRMTesting/keys{/key_id}","collaborators_url":"https://api.github.com/repos/arunarudra/CRMTesting/collaborators{/collaborator}","teams_url":"https://api.github.com/repos/arunarudra/CRMTesting/teams","hooks_url":"https://api.github.com/repos/arunarudra/CRMTesting/hooks","issue_events_url":"https://api.github.com/repos/arunarudra/CRMTesting/issues/events{/number}","events_url":"https://api.github.com/repos/arunarudra/CRMTesting/events","assignees_url":"https://api.github.com/repos/arunarudra/CRMTesting/assignees{/user}","branches_url":"https://api.github.com/repos/arunarudra/CRMTesting/branches{/branch}","tags_url":"https://api.github.com/repos/arunarudra/CRMTesting/tags","blobs_url":"https://api.github.com/repos/arunarudra/CRMTesting/git/blobs{/sha}","git_tags_url":"https://api.github.com/repos/arunarudra/CRMTesting/git/tags{/sha}","git_refs_url":"https://api.github.com/repos/arunarudra/CRMTesting/git/refs{/sha}","trees_url":"https://api.github.com/repos/arunarudra/CRMTesting/git/trees{/sha}","statuses_url":"https://api.github.com/repos/arunarudra/CRMTesting/statuses/{sha}","languages_url":"https://api.github.com/repos/arunarudra/CRMTesting/languages","stargazers_url":"https://api.github.com/repos/arunarudra/CRMTesting/stargazers","contributors_url":"https://api.github.com/repos/arunarudra/CRMTesting/contributors","subscribers_url":"https://api.github.com/repos/arunarudra/CRMTesting/subscribers","subscription_url":"https://api.github.com/repos/arunarudra/CRMTesting/subscription","commits_url":"https://api.github.com/repos/arunarudra/CRMTesting/commits{/sha}","git_commits_url":"https://api.github.com/repos/arunarudra/CRMTesting/git/commits{/sha}","comments_url":"https://api.github.com/repos/arunarudra/CRMTesting/comments{/number}","issue_comment_url":"https://api.github.com/repos/arunarudra/CRMTesting/issues/comments{/number}","contents_url":"https://api.github.com/repos/arunarudra/CRMTesting/contents/{+path}","compare_url":"https://api.github.com/repos/arunarudra/CRMTesting/compare/{base}...{head}","merges_url":"https://api.github.com/repos/arunarudra/CRMTesting/merges","archive_url":"https://api.github.com/repos/arunarudra/CRMTesting/{archive_format}{/ref}","downloads_url":"https://api.github.com/repos/arunarudra/CRMTesting/downloads","issues_url":"https://api.github.com/repos/arunarudra/CRMTesting/issues{/number}","pulls_url":"https://api.github.com/repos/arunarudra/CRMTesting/pulls{/number}","milestones_url":"https://api.github.com/repos/arunarudra/CRMTesting/milestones{/number}","notifications_url":"https://api.github.com/repos/arunarudra/CRMTesting/notifications{?since,all,participating}","labels_url":"https://api.github.com/repos/arunarudra/CRMTesting/labels{/name}","releases_url":"https://api.github.com/repos/arunarudra/CRMTesting/releases{/id}","deployments_url":"https://api.github.com/repos/arunarudra/CRMTesting/deployments","created_at":"2022-01-11T18:12:35Z","updated_at":"2022-01-11T18:24:13Z","pushed_at":"2022-01-11T18:24:10Z","git_url":"git://github.com/arunarudra/CRMTesting.git","ssh_url":"git@github.com:arunarudra/CRMTesting.git","clone_url":"https://github.com/arunarudra/CRMTesting.git","svn_url":"https://github.com/arunarudra/CRMTesting","homepage":null,"size":6049,"stargazers_count":0,"watchers_count":0,"language":"HTML","has_issues":true,"has_projects":true,"has_downloads":true,"has_wiki":true,"has_pages":false,"forks_count":0,"mirror_url":null,"archived":false,"disabled":false,"open_issues_count":0,"license":null,"allow_forking":true,"is_template":false,"topics":[],"visibility":"public","forks":0,"open_issues":0,"watchers":0,"default_branch":"master"},{"id":483242409,"node_id":"R_kgDOHM2xqQ","name":"cucumberSessionEndProject","full_name":"arunarudra/cucumberSessionEndProject","private":false,"owner":{"login":"arunarudra","id":94309818,"node_id":"U_kgDOBZ8Nug","avatar_url":"https://avatars.githubusercontent.com/u/94309818?v=4","gravatar_id":"","url":"https://api.github.com/users/arunarudra","html_url":"https://github.com/arunarudra","followers_url":"https://api.github.com/users/arunarudra/followers","following_url":"https://api.github.com/users/arunarudra/following{/other_user}","gists_url":"https://api.github.com/users/arunarudra/gists{/gist_id}","starred_url":"https://api.github.com/users/arunarudra/starred{/owner}{/repo}","subscriptions_url":"https://api.github.com/users/arunarudra/subscriptions","organizations_url":"https://api.github.com/users/arunarudra/orgs","repos_url":"https://api.github.com/users/arunarudra/repos","events_url":"https://api.github.com/users/arunarudra/events{/privacy}","received_events_url":"https://api.github.com/users/arunarudra/received_events","type":"User","site_admin":false},"html_url":"https://github.com/arunarudra/cucumberSessionEndProject","description":null,"fork":false,"url":"https://api.github.com/repos/arunarudra/cucumberSessionEndProject","forks_url":"https://api.github.com/repos/arunarudra/cucumberSessionEndProject/forks","keys_url":"https://api.github.com/repos/arunarudra/cucumberSessionEndProject/keys{/key_id}","collaborators_url":"https://api.github.com/repos/arunarudra/cucumberSessionEndProject/collaborators{/collaborator}","teams_url":"https://api.github.com/repos/arunarudra/cucumberSessionEndProject/teams","hooks_url":"https://api.github.com/repos/arunarudra/cucumberSessionEndProject/hooks","issue_events_url":"https://api.github.com/repos/arunarudra/cucumberSessionEndProject/issues/events{/number}","events_url":"https://api.github.com/repos/arunarudra/cucumberSessionEndProject/events","assignees_url":"https://api.github.com/repos/arunarudra/cucumberSessionEndProject/assignees{/user}","branches_url":"https://api.github.com/repos/arunarudra/cucumberSessionEndProject/branches{/branch}","tags_url":"https://api.github.com/repos/arunarudra/cucumberSessionEndProject/tags","blobs_url":"https://api.github.com/repos/arunarudra/cucumberSessionEndProject/git/blobs{/sha}","git_tags_url":"https://api.github.com/repos/arunarudra/cucumberSessionEndProject/git/tags{/sha}","git_refs_url":"https://api.github.com/repos/arunarudra/cucumberSessionEndProject/git/refs{/sha}","trees_url":"https://api.github.com/repos/arunarudra/cucumberSessionEndProject/git/trees{/sha}","statuses_url":"https://api.github.com/repos/arunarudra/cucumberSessionEndProject/statuses/{sha}","languages_url":"https://api.github.com/repos/arunarudra/cucumberSessionEndProject/languages","stargazers_url":"https://api.github.com/repos/arunarudra/cucumberSessionEndProject/stargazers","contributors_url":"https://api.github.com/repos/arunarudra/cucumberSessionEndProject/contributors","subscribers_url":"https://api.github.com/repos/arunarudra/cucumberSessionEndProject/subscribers","subscription_url":"https://api.github.com/repos/arunarudra/cucumberSessionEndProject/subscription","commits_url":"https://api.github.com/repos/arunarudra/cucumberSessionEndProject/commits{/sha}","git_commits_url":"https://api.github.com/repos/arunarudra/cucumberSessionEndProject/git/commits{/sha}","comments_url":"https://api.github.com/repos/arunarudra/cucumberSessionEndProject/comments{/number}","issue_comment_url":"https://api.github.com/repos/arunarudra/cucumberSessionEndProject/issues/comments{/number}","contents_url":"https://api.github.com/repos/arunarudra/cucumberSessionEndProject/contents/{+path}","compare_url":"https://api.github.com/repos/arunarudra/cucumberSessionEndProject/compare/{base}...{head}","merges_url":"https://api.github.com/repos/arunarudra/cucumberSessionEndProject/merges","archive_url":"https://api.github.com/repos/arunarudra/cucumberSessionEndProject/{archive_format}{/ref}","downloads_url":"https://api.github.com/repos/arunarudra/cucumberSessionEndProject/downloads","issues_url":"https://api.github.com/repos/arunarudra/cucumberSessionEndProject/issues{/number}","pulls_url":"https://api.github.com/repos/arunarudra/cucumberSessionEndProject/pulls{/number}","milestones_url":"https://api.github.com/repos/arunarudra/cucumberSessionEndProject/milestones{/number}","notifications_url":"https://api.github.com/repos/arunarudra/cucumberSessionEndProject/notifications{?since,all,participating}","labels_url":"https://api.github.com/repos/arunarudra/cucumberSessionEndProject/labels{/name}","releases_url":"https://api.github.com/repos/arunarudra/cucumberSessionEndProject/releases{/id}","deployments_url":"https://api.github.com/repos/arunarudra/cucumberSessionEndProject/deployments","created_at":"2022-04-19T12:44:07Z","updated_at":"2022-04-19T12:49:11Z","pushed_at":"2022-04-20T15:36:58Z","git_url":"git://github.com/arunarudra/cucumberSessionEndProject.git","ssh_url":"git@github.com:arunarudra/cucumberSessionEndProject.git","clone_url":"https://github.com/arunarudra/cucumberSessionEndProject.git","svn_url":"https://github.com/arunarudra/cucumberSessionEndProject","homepage":null,"size":6298,"stargazers_count":0,"watchers_count":0,"language":"JavaScript","has_issues":true,"has_projects":true,"has_downloads":true,"has_wiki":true,"has_pages":false,"forks_count":0,"mirror_url":null,"archived":false,"disabled":false,"open_issues_count":0,"license":null,"allow_forking":true,"is_template":false,"topics":[],"visibility":"public","forks":0,"open_issues":0,"watchers":0,"default_branch":"master"},{"id":479909045,"node_id":"R_kgDOHJrUtQ","name":"cucumber_classroom_project","full_name":"arunarudra/cucumber_classroom_project","private":false,"owner":{"login":"arunarudra","id":94309818,"node_id":"U_kgDOBZ8Nug","avatar_url":"https://avatars.githubusercontent.com/u/94309818?v=4","gravatar_id":"","url":"https://api.github.com/users/arunarudra","html_url":"https://github.com/arunarudra","followers_url":"https://api.github.com/users/arunarudra/followers","following_url":"https://api.github.com/users/arunarudra/following{/other_user}","gists_url":"https://api.github.com/users/arunarudra/gists{/gist_id}","starred_url":"https://api.github.com/users/arunarudra/starred{/owner}{/repo}","subscriptions_url":"https://api.github.com/users/arunarudra/subscriptions","organizations_url":"https://api.github.com/users/arunarudra/orgs","repos_url":"https://api.github.com/users/arunarudra/repos","events_url":"https://api.github.com/users/arunarudra/events{/privacy}","received_events_url":"https://api.github.com/users/arunarudra/received_events","type":"User","site_admin":false},"html_url":"https://github.com/arunarudra/cucumber_classroom_project","description":null,"fork":false,"url":"https://api.github.com/repos/arunarudra/cucumber_classroom_project","forks_url":"https://api.github.com/repos/arunarudra/cucumber_classroom_project/forks","keys_url":"https://api.github.com/repos/arunarudra/cucumber_classroom_project/keys{/key_id}","collaborators_url":"https://api.github.com/repos/arunarudra/cucumber_classroom_project/collaborators{/collaborator}","teams_url":"https://api.github.com/repos/arunarudra/cucumber_classroom_project/teams","hooks_url":"https://api.github.com/repos/arunarudra/cucumber_classroom_project/hooks","issue_events_url":"https://api.github.com/repos/arunarudra/cucumber_classroom_project/issues/events{/number}","events_url":"https://api.github.com/repos/arunarudra/cucumber_classroom_project/events","assignees_url":"https://api.github.com/repos/arunarudra/cucumber_classroom_project/assignees{/user}","branches_url":"https://api.github.com/repos/arunarudra/cucumber_classroom_project/branches{/branch}","tags_url":"https://api.github.com/repos/arunarudra/cucumber_classroom_project/tags","blobs_url":"https://api.github.com/repos/arunarudra/cucumber_classroom_project/git/blobs{/sha}","git_tags_url":"https://api.github.com/repos/arunarudra/cucumber_classroom_project/git/tags{/sha}","git_refs_url":"https://api.github.com/repos/arunarudra/cucumber_classroom_project/git/refs{/sha}","trees_url":"https://api.github.com/repos/arunarudra/cucumber_classroom_project/git/trees{/sha}","statuses_url":"https://api.github.com/repos/arunarudra/cucumber_classroom_project/statuses/{sha}","languages_url":"https://api.github.com/repos/arunarudra/cucumber_classroom_project/languages","stargazers_url":"https://api.github.com/repos/arunarudra/cucumber_classroom_project/stargazers","contributors_url":"https://api.github.com/repos/arunarudra/cucumber_classroom_project/contributors","subscribers_url":"https://api.github.com/repos/arunarudra/cucumber_classroom_project/subscribers","subscription_url":"https://api.github.com/repos/arunarudra/cucumber_classroom_project/subscription","commits_url":"https://api.github.com/repos/arunarudra/cucumber_classroom_project/commits{/sha}","git_commits_url":"https://api.github.com/repos/arunarudra/cucumber_classroom_project/git/commits{/sha}","comments_url":"https://api.github.com/repos/arunarudra/cucumber_classroom_project/comments{/number}","issue_comment_url":"https://api.github.com/repos/arunarudra/cucumber_classroom_project/issues/comments{/number}","contents_url":"https://api.github.com/repos/arunarudra/cucumber_classroom_project/contents/{+path}","compare_url":"https://api.github.com/repos/arunarudra/cucumber_classroom_project/compare/{base}...{head}","merges_url":"https://api.github.com/repos/arunarudra/cucumber_classroom_project/merges","archive_url":"https://api.github.com/repos/arunarudra/cucumber_classroom_project/{archive_format}{/ref}","downloads_url":"https://api.github.com/repos/arunarudra/cucumber_classroom_project/downloads","issues_url":"https://api.github.com/repos/arunarudra/cucumber_classroom_project/issues{/number}","pulls_url":"https://api.github.com/repos/arunarudra/cucumber_classroom_project/pulls{/number}","milestones_url":"https://api.github.com/repos/arunarudra/cucumber_classroom_project/milestones{/number}","notifications_url":"https://api.github.com/repos/arunarudra/cucumber_classroom_project/notifications{?since,all,participating}","labels_url":"https://api.github.com/repos/arunarudra/cucumber_classroom_project/labels{/name}","releases_url":"https://api.github.com/repos/arunarudra/cucumber_classroom_project/releases{/id}","deployments_url":"https://api.github.com/repos/arunarudra/cucumber_classroom_project/deployments","created_at":"2022-04-10T04:07:19Z","updated_at":"2022-04-10T04:13:37Z","pushed_at":"2022-04-10T17:11:26Z","git_url":"git://github.com/arunarudra/cucumber_classroom_project.git","ssh_url":"git@github.com:arunarudra/cucumber_classroom_project.git","clone_url":"https://github.com/arunarudra/cucumber_classroom_project.git","svn_url":"https://github.com/arunarudra/cucumber_classroom_project","homepage":null,"size":6187,"stargazers_count":0,"watchers_count":0,"language":"JavaScript","has_issues":true,"has_projects":true,"has_downloads":true,"has_wiki":true,"has_pages":false,"forks_count":0,"mirror_url":null,"archived":false,"disabled":false,"open_issues_count":0,"license":null,"allow_forking":true,"is_template":false,"topics":[],"visibility":"public","forks":0,"open_issues":0,"watchers":0,"default_branch":"master"},{"id":427988518,"node_id":"R_kgDOGYKWJg","name":"github-practice","full_name":"arunarudra/github-practice","private":false,"owner":{"login":"arunarudra","id":94309818,"node_id":"U_kgDOBZ8Nug","avatar_url":"https://avatars.githubusercontent.com/u/94309818?v=4","gravatar_id":"","url":"https://api.github.com/users/arunarudra","html_url":"https://github.com/arunarudra","followers_url":"https://api.github.com/users/arunarudra/followers","following_url":"https://api.github.com/users/arunarudra/following{/other_user}","gists_url":"https://api.github.com/users/arunarudra/gists{/gist_id}","starred_url":"https://api.github.com/users/arunarudra/starred{/owner}{/repo}","subscriptions_url":"https://api.github.com/users/arunarudra/subscriptions","organizations_url":"https://api.github.com/users/arunarudra/orgs","repos_url":"https://api.github.com/users/arunarudra/repos","events_url":"https://api.github.com/users/arunarudra/events{/privacy}","received_events_url":"https://api.github.com/users/arunarudra/received_events","type":"User","site_admin":false},"html_url":"https://github.com/arunarudra/github-practice","description":null,"fork":false,"url":"https://api.github.com/repos/arunarudra/github-practice","forks_url":"https://api.github.com/repos/arunarudra/github-practice/forks","keys_url":"https://api.github.com/repos/arunarudra/github-practice/keys{/key_id}","collaborators_url":"https://api.github.com/repos/arunarudra/github-practice/collaborators{/collaborator}","teams_url":"https://api.github.com/repos/arunarudra/github-practice/teams","hooks_url":"https://api.github.com/repos/arunarudra/github-practice/hooks","issue_events_url":"https://api.github.com/repos/arunarudra/github-practice/issues/events{/number}","events_url":"https://api.github.com/repos/arunarudra/github-practice/events","assignees_url":"https://api.github.com/repos/arunarudra/github-practice/assignees{/user}","branches_url":"https://api.github.com/repos/arunarudra/github-practice/branches{/branch}","tags_url":"https://api.github.com/repos/arunarudra/github-practice/tags","blobs_url":"https://api.github.com/repos/arunarudra/github-practice/git/blobs{/sha}","git_tags_url":"https://api.github.com/repos/arunarudra/github-practice/git/tags{/sha}","git_refs_url":"https://api.github.com/repos/arunarudra/github-practice/git/refs{/sha}","trees_url":"https://api.github.com/repos/arunarudra/github-practice/git/trees{/sha}","statuses_url":"https://api.github.com/repos/arunarudra/github-practice/statuses/{sha}","languages_url":"https://api.github.com/repos/arunarudra/github-practice/languages","stargazers_url":"https://api.github.com/repos/arunarudra/github-practice/stargazers","contributors_url":"https://api.github.com/repos/arunarudra/github-practice/contributors","subscribers_url":"https://api.github.com/repos/arunarudra/github-practice/subscribers","subscription_url":"https://api.github.com/repos/arunarudra/github-practice/subscription","commits_url":"https://api.github.com/repos/arunarudra/github-practice/commits{/sha}","git_commits_url":"https://api.github.com/repos/arunarudra/github-practice/git/commits{/sha}","comments_url":"https://api.github.com/repos/arunarudra/github-practice/comments{/number}","issue_comment_url":"https://api.github.com/repos/arunarudra/github-practice/issues/comments{/number}","contents_url":"https://api.github.com/repos/arunarudra/github-practice/contents/{+path}","compare_url":"https://api.github.com/repos/arunarudra/github-practice/compare/{base}...{head}","merges_url":"https://api.github.com/repos/arunarudra/github-practice/merges","archive_url":"https://api.github.com/repos/arunarudra/github-practice/{archive_format}{/ref}","downloads_url":"https://api.github.com/repos/arunarudra/github-practice/downloads","issues_url":"https://api.github.com/repos/arunarudra/github-practice/issues{/number}","pulls_url":"https://api.github.com/repos/arunarudra/github-practice/pulls{/number}","milestones_url":"https://api.github.com/repos/arunarudra/github-practice/milestones{/number}","notifications_url":"https://api.github.com/repos/arunarudra/github-practice/notifications{?since,all,participating}","labels_url":"https://api.github.com/repos/arunarudra/github-practice/labels{/name}","releases_url":"https://api.github.com/repos/arunarudra/github-practice/releases{/id}","deployments_url":"https://api.github.com/repos/arunarudra/github-practice/deployments","created_at":"2021-11-14T17:01:54Z","updated_at":"2021-11-14T17:46:11Z","pushed_at":"2021-11-14T17:46:09Z","git_url":"git://github.com/arunarudra/github-practice.git","ssh_url":"git@github.com:arunarudra/github-practice.git","clone_url":"https://github.com/arunarudra/github-practice.git","svn_url":"https://github.com/arunarudra/github-practice","homepage":null,"size":0,"stargazers_count":0,"watchers_count":0,"language":null,"has_issues":true,"has_projects":true,"has_downloads":true,"has_wiki":true,"has_pages":false,"forks_count":0,"mirror_url":null,"archived":false,"disabled":false,"open_issues_count":0,"license":null,"allow_forking":true,"is_template":false,"topics":[],"visibility":"public","forks":0,"open_issues":0,"watchers":0,"default_branch":"main"},{"id":445564750,"node_id":"R_kgDOGo7HTg","name":"GitHubDemoV1","full_name":"arunarudra/GitHubDemoV1","private":false,"owner":{"login":"arunarudra","id":94309818,"node_id":"U_kgDOBZ8Nug","avatar_url":"https://avatars.githubusercontent.com/u/94309818?v=4","gravatar_id":"","url":"https://api.github.com/users/arunarudra","html_url":"https://github.com/arunarudra","followers_url":"https://api.github.com/users/arunarudra/followers","following_url":"https://api.github.com/users/arunarudra/following{/other_user}","gists_url":"https://api.github.com/users/arunarudra/gists{/gist_id}","starred_url":"https://api.github.com/users/arunarudra/starred{/owner}{/repo}","subscriptions_url":"https://api.github.com/users/arunarudra/subscriptions","organizations_url":"https://api.github.com/users/arunarudra/orgs","repos_url":"https://api.github.com/users/arunarudra/repos","events_url":"https://api.github.com/users/arunarudra/events{/privacy}","received_events_url":"https://api.github.com/users/arunarudra/received_events","type":"User","site_admin":false},"html_url":"https://github.com/arunarudra/GitHubDemoV1","description":null,"fork":false,"url":"https://api.github.com/repos/arunarudra/GitHubDemoV1","forks_url":"https://api.github.com/repos/arunarudra/GitHubDemoV1/forks","keys_url":"https://api.github.com/repos/arunarudra/GitHubDemoV1/keys{/key_id}","collaborators_url":"https://api.github.com/repos/arunarudra/GitHubDemoV1/collaborators{/collaborator}","teams_url":"https://api.github.com/repos/arunarudra/GitHubDemoV1/teams","hooks_url":"https://api.github.com/repos/arunarudra/GitHubDemoV1/hooks","issue_events_url":"https://api.github.com/repos/arunarudra/GitHubDemoV1/issues/events{/number}","events_url":"https://api.github.com/repos/arunarudra/GitHubDemoV1/events","assignees_url":"https://api.github.com/repos/arunarudra/GitHubDemoV1/assignees{/user}","branches_url":"https://api.github.com/repos/arunarudra/GitHubDemoV1/branches{/branch}","tags_url":"https://api.github.com/repos/arunarudra/GitHubDemoV1/tags","blobs_url":"https://api.github.com/repos/arunarudra/GitHubDemoV1/git/blobs{/sha}","git_tags_url":"https://api.github.com/repos/arunarudra/GitHubDemoV1/git/tags{/sha}","git_refs_url":"https://api.github.com/repos/arunarudra/GitHubDemoV1/git/refs{/sha}","trees_url":"https://api.github.com/repos/arunarudra/GitHubDemoV1/git/trees{/sha}","statuses_url":"https://api.github.com/repos/arunarudra/GitHubDemoV1/statuses/{sha}","languages_url":"https://api.github.com/repos/arunarudra/GitHubDemoV1/languages","stargazers_url":"https://api.github.com/repos/arunarudra/GitHubDemoV1/stargazers","contributors_url":"https://api.github.com/repos/arunarudra/GitHubDemoV1/contributors","subscribers_url":"https://api.github.com/repos/arunarudra/GitHubDemoV1/subscribers","subscription_url":"https://api.github.com/repos/arunarudra/GitHubDemoV1/subscription","commits_url":"https://api.github.com/repos/arunarudra/GitHubDemoV1/commits{/sha}","git_commits_url":"https://api.github.com/repos/arunarudra/GitHubDemoV1/git/commits{/sha}","comments_url":"https://api.github.com/repos/arunarudra/GitHubDemoV1/comments{/number}","issue_comment_url":"https://api.github.com/repos/arunarudra/GitHubDemoV1/issues/comments{/number}","contents_url":"https://api.github.com/repos/arunarudra/GitHubDemoV1/contents/{+path}","compare_url":"https://api.github.com/repos/arunarudra/GitHubDemoV1/compare/{base}...{head}","merges_url":"https://api.github.com/repos/arunarudra/GitHubDemoV1/merges","archive_url":"https://api.github.com/repos/arunarudra/GitHubDemoV1/{archive_format}{/ref}","downloads_url":"https://api.github.com/repos/arunarudra/GitHubDemoV1/downloads","issues_url":"https://api.github.com/repos/arunarudra/GitHubDemoV1/issues{/number}","pulls_url":"https://api.github.com/repos/arunarudra/GitHubDemoV1/pulls{/number}","milestones_url":"https://api.github.com/repos/arunarudra/GitHubDemoV1/milestones{/number}","notifications_url":"https://api.github.com/repos/arunarudra/GitHubDemoV1/notifications{?since,all,participating}","labels_url":"https://api.github.com/repos/arunarudra/GitHubDemoV1/labels{/name}","releases_url":"https://api.github.com/repos/arunarudra/GitHubDemoV1/releases{/id}","deployments_url":"https://api.github.com/repos/arunarudra/GitHubDemoV1/deployments","created_at":"2022-01-07T15:21:55Z","updated_at":"2022-01-07T16:09:24Z","pushed_at":"2022-01-16T06:56:13Z","git_url":"git://github.com/arunarudra/GitHubDemoV1.git","ssh_url":"git@github.com:arunarudra/GitHubDemoV1.git","clone_url":"https://github.com/arunarudra/GitHubDemoV1.git","svn_url":"https://github.com/arunarudra/GitHubDemoV1","homepage":null,"size":1,"stargazers_count":0,"watchers_count":0,"language":"Java","has_issues":true,"has_projects":true,"has_downloads":true,"has_wiki":true,"has_pages":false,"forks_count":0,"mirror_url":null,"archived":false,"disabled":false,"open_issues_count":0,"license":null,"allow_forking":true,"is_template":false,"topics":[],"visibility":"public","forks":0,"open_issues":0,"watchers":0,"default_branch":"master"},{"id":453325463,"node_id":"R_kgDOGwUylw","name":"JAVATraining","full_name":"arunarudra/JAVATraining","private":false,"owner":{"login":"arunarudra","id":94309818,"node_id":"U_kgDOBZ8Nug","avatar_url":"https://avatars.githubusercontent.com/u/94309818?v=4","gravatar_id":"","url":"https://api.github.com/users/arunarudra","html_url":"https://github.com/arunarudra","followers_url":"https://api.github.com/users/arunarudra/followers","following_url":"https://api.github.com/users/arunarudra/following{/other_user}","gists_url":"https://api.github.com/users/arunarudra/gists{/gist_id}","starred_url":"https://api.github.com/users/arunarudra/starred{/owner}{/repo}","subscriptions_url":"https://api.github.com/users/arunarudra/subscriptions","organizations_url":"https://api.github.com/users/arunarudra/orgs","repos_url":"https://api.github.com/users/arunarudra/repos","events_url":"https://api.github.com/users/arunarudra/events{/privacy}","received_events_url":"https://api.github.com/users/arunarudra/received_events","type":"User","site_admin":false},"html_url":"https://github.com/arunarudra/JAVATraining","description":null,"fork":false,"url":"https://api.github.com/repos/arunarudra/JAVATraining","forks_url":"https://api.github.com/repos/arunarudra/JAVATraining/forks","keys_url":"https://api.github.com/repos/arunarudra/JAVATraining/keys{/key_id}","collaborators_url":"https://api.github.com/repos/arunarudra/JAVATraining/collaborators{/collaborator}","teams_url":"https://api.github.com/repos/arunarudra/JAVATraining/teams","hooks_url":"https://api.github.com/repos/arunarudra/JAVATraining/hooks","issue_events_url":"https://api.github.com/repos/arunarudra/JAVATraining/issues/events{/number}","events_url":"https://api.github.com/repos/arunarudra/JAVATraining/events","assignees_url":"https://api.github.com/repos/arunarudra/JAVATraining/assignees{/user}","branches_url":"https://api.github.com/repos/arunarudra/JAVATraining/branches{/branch}","tags_url":"https://api.github.com/repos/arunarudra/JAVATraining/tags","blobs_url":"https://api.github.com/repos/arunarudra/JAVATraining/git/blobs{/sha}","git_tags_url":"https://api.github.com/repos/arunarudra/JAVATraining/git/tags{/sha}","git_refs_url":"https://api.github.com/repos/arunarudra/JAVATraining/git/refs{/sha}","trees_url":"https://api.github.com/repos/arunarudra/JAVATraining/git/trees{/sha}","statuses_url":"https://api.github.com/repos/arunarudra/JAVATraining/statuses/{sha}","languages_url":"https://api.github.com/repos/arunarudra/JAVATraining/languages","stargazers_url":"https://api.github.com/repos/arunarudra/JAVATraining/stargazers","contributors_url":"https://api.github.com/repos/arunarudra/JAVATraining/contributors","subscribers_url":"https://api.github.com/repos/arunarudra/JAVATraining/subscribers","subscription_url":"https://api.github.com/repos/arunarudra/JAVATraining/subscription","commits_url":"https://api.github.com/repos/arunarudra/JAVATraining/commits{/sha}","git_commits_url":"https://api.github.com/repos/arunarudra/JAVATraining/git/commits{/sha}","comments_url":"https://api.github.com/repos/arunarudra/JAVATraining/comments{/number}","issue_comment_url":"https://api.github.com/repos/arunarudra/JAVATraining/issues/comments{/number}","contents_url":"https://api.github.com/repos/arunarudra/JAVATraining/contents/{+path}","compare_url":"https://api.github.com/repos/arunarudra/JAVATraining/compare/{base}...{head}","merges_url":"https://api.github.com/repos/arunarudra/JAVATraining/merges","archive_url":"https://api.github.com/repos/arunarudra/JAVATraining/{archive_format}{/ref}","downloads_url":"https://api.github.com/repos/arunarudra/JAVATraining/downloads","issues_url":"https://api.github.com/repos/arunarudra/JAVATraining/issues{/number}","pulls_url":"https://api.github.com/repos/arunarudra/JAVATraining/pulls{/number}","milestones_url":"https://api.github.com/repos/arunarudra/JAVATraining/milestones{/number}","notifications_url":"https://api.github.com/repos/arunarudra/JAVATraining/notifications{?since,all,participating}","labels_url":"https://api.github.com/repos/arunarudra/JAVATraining/labels{/name}","releases_url":"https://api.github.com/repos/arunarudra/JAVATraining/releases{/id}","deployments_url":"https://api.github.com/repos/arunarudra/JAVATraining/deployments","created_at":"2022-01-29T07:15:26Z","updated_at":"2022-01-29T09:33:51Z","pushed_at":"2022-01-29T09:33:48Z","git_url":"git://github.com/arunarudra/JAVATraining.git","ssh_url":"git@github.com:arunarudra/JAVATraining.git","clone_url":"https://github.com/arunarudra/JAVATraining.git","svn_url":"https://github.com/arunarudra/JAVATraining","homepage":null,"size":7,"stargazers_count":0,"watchers_count":0,"language":"Java","has_issues":true,"has_projects":true,"has_downloads":true,"has_wiki":true,"has_pages":false,"forks_count":0,"mirror_url":null,"archived":false,"disabled":false,"open_issues_count":0,"license":null,"allow_forking":true,"is_template":false,"topics":[],"visibility":"public","forks":0,"open_issues":0,"watchers":0,"default_branch":"master"},{"id":490294625,"node_id":"R_kgDOHTlNYQ","name":"nopecommerceapp_cucumber","full_name":"arunarudra/nopecommerceapp_cucumber","private":false,"owner":{"login":"arunarudra","id":94309818,"node_id":"U_kgDOBZ8Nug","avatar_url":"https://avatars.githubusercontent.com/u/94309818?v=4","gravatar_id":"","url":"https://api.github.com/users/arunarudra","html_url":"https://github.com/arunarudra","followers_url":"https://api.github.com/users/arunarudra/followers","following_url":"https://api.github.com/users/arunarudra/following{/other_user}","gists_url":"https://api.github.com/users/arunarudra/gists{/gist_id}","starred_url":"https://api.github.com/users/arunarudra/starred{/owner}{/repo}","subscriptions_url":"https://api.github.com/users/arunarudra/subscriptions","organizations_url":"https://api.github.com/users/arunarudra/orgs","repos_url":"https://api.github.com/users/arunarudra/repos","events_url":"https://api.github.com/users/arunarudra/events{/privacy}","received_events_url":"https://api.github.com/users/arunarudra/received_events","type":"User","site_admin":false},"html_url":"https://github.com/arunarudra/nopecommerceapp_cucumber","description":null,"fork":false,"url":"https://api.github.com/repos/arunarudra/nopecommerceapp_cucumber","forks_url":"https://api.github.com/repos/arunarudra/nopecommerceapp_cucumber/forks","keys_url":"https://api.github.com/repos/arunarudra/nopecommerceapp_cucumber/keys{/key_id}","collaborators_url":"https://api.github.com/repos/arunarudra/nopecommerceapp_cucumber/collaborators{/collaborator}","teams_url":"https://api.github.com/repos/arunarudra/nopecommerceapp_cucumber/teams","hooks_url":"https://api.github.com/repos/arunarudra/nopecommerceapp_cucumber/hooks","issue_events_url":"https://api.github.com/repos/arunarudra/nopecommerceapp_cucumber/issues/events{/number}","events_url":"https://api.github.com/repos/arunarudra/nopecommerceapp_cucumber/events","assignees_url":"https://api.github.com/repos/arunarudra/nopecommerceapp_cucumber/assignees{/user}","branches_url":"https://api.github.com/repos/arunarudra/nopecommerceapp_cucumber/branches{/branch}","tags_url":"https://api.github.com/repos/arunarudra/nopecommerceapp_cucumber/tags","blobs_url":"https://api.github.com/repos/arunarudra/nopecommerceapp_cucumber/git/blobs{/sha}","git_tags_url":"https://api.github.com/repos/arunarudra/nopecommerceapp_cucumber/git/tags{/sha}","git_refs_url":"https://api.github.com/repos/arunarudra/nopecommerceapp_cucumber/git/refs{/sha}","trees_url":"https://api.github.com/repos/arunarudra/nopecommerceapp_cucumber/git/trees{/sha}","statuses_url":"https://api.github.com/repos/arunarudra/nopecommerceapp_cucumber/statuses/{sha}","languages_url":"https://api.github.com/repos/arunarudra/nopecommerceapp_cucumber/languages","stargazers_url":"https://api.github.com/repos/arunarudra/nopecommerceapp_cucumber/stargazers","contributors_url":"https://api.github.com/repos/arunarudra/nopecommerceapp_cucumber/contributors","subscribers_url":"https://api.github.com/repos/arunarudra/nopecommerceapp_cucumber/subscribers","subscription_url":"https://api.github.com/repos/arunarudra/nopecommerceapp_cucumber/subscription","commits_url":"https://api.github.com/repos/arunarudra/nopecommerceapp_cucumber/commits{/sha}","git_commits_url":"https://api.github.com/repos/arunarudra/nopecommerceapp_cucumber/git/commits{/sha}","comments_url":"https://api.github.com/repos/arunarudra/nopecommerceapp_cucumber/comments{/number}","issue_comment_url":"https://api.github.com/repos/arunarudra/nopecommerceapp_cucumber/issues/comments{/number}","contents_url":"https://api.github.com/repos/arunarudra/nopecommerceapp_cucumber/contents/{+path}","compare_url":"https://api.github.com/repos/arunarudra/nopecommerceapp_cucumber/compare/{base}...{head}","merges_url":"https://api.github.com/repos/arunarudra/nopecommerceapp_cucumber/merges","archive_url":"https://api.github.com/repos/arunarudra/nopecommerceapp_cucumber/{archive_format}{/ref}","downloads_url":"https://api.github.com/repos/arunarudra/nopecommerceapp_cucumber/downloads","issues_url":"https://api.github.com/repos/arunarudra/nopecommerceapp_cucumber/issues{/number}","pulls_url":"https://api.github.com/repos/arunarudra/nopecommerceapp_cucumber/pulls{/number}","milestones_url":"https://api.github.com/repos/arunarudra/nopecommerceapp_cucumber/milestones{/number}","notifications_url":"https://api.github.com/repos/arunarudra/nopecommerceapp_cucumber/notifications{?since,all,participating}","labels_url":"https://api.github.com/repos/arunarudra/nopecommerceapp_cucumber/labels{/name}","releases_url":"https://api.github.com/repos/arunarudra/nopecommerceapp_cucumber/releases{/id}","deployments_url":"https://api.github.com/repos/arunarudra/nopecommerceapp_cucumber/deployments","created_at":"2022-05-09T13:26:56Z","updated_at":"2022-05-09T13:34:32Z","pushed_at":"2022-05-09T13:49:17Z","git_url":"git://github.com/arunarudra/nopecommerceapp_cucumber.git","ssh_url":"git@github.com:arunarudra/nopecommerceapp_cucumber.git","clone_url":"https://github.com/arunarudra/nopecommerceapp_cucumber.git","svn_url":"https://github.com/arunarudra/nopecommerceapp_cucumber","homepage":null,"size":6299,"stargazers_count":0,"watchers_count":0,"language":"JavaScript","has_issues":true,"has_projects":true,"has_downloads":true,"has_wiki":true,"has_pages":false,"forks_count":0,"mirror_url":null,"archived":false,"disabled":false,"open_issues_count":0,"license":null,"allow_forking":true,"is_template":false,"topics":[],"visibility":"public","forks":0,"open_issues":0,"watchers":0,"default_branch":"master"},{"id":497523154,"node_id":"R_kgDOHaeZ0g","name":"PostmanDemoREST","full_name":"arunarudra/PostmanDemoREST","private":false,"owner":{"login":"arunarudra","id":94309818,"node_id":"U_kgDOBZ8Nug","avatar_url":"https://avatars.githubusercontent.com/u/94309818?v=4","gravatar_id":"","url":"https://api.github.com/users/arunarudra","html_url":"https://github.com/arunarudra","followers_url":"https://api.github.com/users/arunarudra/followers","following_url":"https://api.github.com/users/arunarudra/following{/other_user}","gists_url":"https://api.github.com/users/arunarudra/gists{/gist_id}","starred_url":"https://api.github.com/users/arunarudra/starred{/owner}{/repo}","subscriptions_url":"https://api.github.com/users/arunarudra/subscriptions","organizations_url":"https://api.github.com/users/arunarudra/orgs","repos_url":"https://api.github.com/users/arunarudra/repos","events_url":"https://api.github.com/users/arunarudra/events{/privacy}","received_events_url":"https://api.github.com/users/arunarudra/received_events","type":"User","site_admin":false},"html_url":"https://github.com/arunarudra/PostmanDemoREST","description":null,"fork":false,"url":"https://api.github.com/repos/arunarudra/PostmanDemoREST","forks_url":"https://api.github.com/repos/arunarudra/PostmanDemoREST/forks","keys_url":"https://api.github.com/repos/arunarudra/PostmanDemoREST/keys{/key_id}","collaborators_url":"https://api.github.com/repos/arunarudra/PostmanDemoREST/collaborators{/collaborator}","teams_url":"https://api.github.com/repos/arunarudra/PostmanDemoREST/teams","hooks_url":"https://api.github.com/repos/arunarudra/PostmanDemoREST/hooks","issue_events_url":"https://api.github.com/repos/arunarudra/PostmanDemoREST/issues/events{/number}","events_url":"https://api.github.com/repos/arunarudra/PostmanDemoREST/events","assignees_url":"https://api.github.com/repos/arunarudra/PostmanDemoREST/assignees{/user}","branches_url":"https://api.github.com/repos/arunarudra/PostmanDemoREST/branches{/branch}","tags_url":"https://api.github.com/repos/arunarudra/PostmanDemoREST/tags","blobs_url":"https://api.github.com/repos/arunarudra/PostmanDemoREST/git/blobs{/sha}","git_tags_url":"https://api.github.com/repos/arunarudra/PostmanDemoREST/git/tags{/sha}","git_refs_url":"https://api.github.com/repos/arunarudra/PostmanDemoREST/git/refs{/sha}","trees_url":"https://api.github.com/repos/arunarudra/PostmanDemoREST/git/trees{/sha}","statuses_url":"https://api.github.com/repos/arunarudra/PostmanDemoREST/statuses/{sha}","languages_url":"https://api.github.com/repos/arunarudra/PostmanDemoREST/languages","stargazers_url":"https://api.github.com/repos/arunarudra/PostmanDemoREST/stargazers","contributors_url":"https://api.github.com/repos/arunarudra/PostmanDemoREST/contributors","subscribers_url":"https://api.github.com/repos/arunarudra/PostmanDemoREST/subscribers","subscription_url":"https://api.github.com/repos/arunarudra/PostmanDemoREST/subscription","commits_url":"https://api.github.com/repos/arunarudra/PostmanDemoREST/commits{/sha}","git_commits_url":"https://api.github.com/repos/arunarudra/PostmanDemoREST/git/commits{/sha}","comments_url":"https://api.github.com/repos/arunarudra/PostmanDemoREST/comments{/number}","issue_comment_url":"https://api.github.com/repos/arunarudra/PostmanDemoREST/issues/comments{/number}","contents_url":"https://api.github.com/repos/arunarudra/PostmanDemoREST/contents/{+path}","compare_url":"https://api.github.com/repos/arunarudra/PostmanDemoREST/compare/{base}...{head}","merges_url":"https://api.github.com/repos/arunarudra/PostmanDemoREST/merges","archive_url":"https://api.github.com/repos/arunarudra/PostmanDemoREST/{archive_format}{/ref}","downloads_url":"https://api.github.com/repos/arunarudra/PostmanDemoREST/downloads","issues_url":"https://api.github.com/repos/arunarudra/PostmanDemoREST/issues{/number}","pulls_url":"https://api.github.com/repos/arunarudra/PostmanDemoREST/pulls{/number}","milestones_url":"https://api.github.com/repos/arunarudra/PostmanDemoREST/milestones{/number}","notifications_url":"https://api.github.com/repos/arunarudra/PostmanDemoREST/notifications{?since,all,participating}","labels_url":"https://api.github.com/repos/arunarudra/PostmanDemoREST/labels{/name}","releases_url":"https://api.github.com/repos/arunarudra/PostmanDemoREST/releases{/id}","deployments_url":"https://api.github.com/repos/arunarudra/PostmanDemoREST/deployments","created_at":"2022-05-29T07:44:14Z","updated_at":"2022-05-29T07:44:14Z","pushed_at":"2022-05-29T07:44:15Z","git_url":"git://github.com/arunarudra/PostmanDemoREST.git","ssh_url":"git@github.com:arunarudra/PostmanDemoREST.git","clone_url":"https://github.com/arunarudra/PostmanDemoREST.git","svn_url":"https://github.com/arunarudra/PostmanDemoREST","homepage":"https://github.com/","size":0,"stargazers_count":0,"watchers_count":0,"language":null,"has_issues":true,"has_projects":true,"has_downloads":true,"has_wiki":true,"has_pages":false,"forks_count":0,"mirror_url":null,"archived":false,"disabled":false,"open_issues_count":0,"license":null,"allow_forking":true,"is_template":false,"topics":[],"visibility":"public","forks":0,"open_issues":0,"watchers":0,"default_branch":"main"},{"id":461404548,"node_id":"R_kgDOG4B5hA","name":"Project1","full_name":"arunarudra/Project1","private":false,"owner":{"login":"arunarudra","id":94309818,"node_id":"U_kgDOBZ8Nug","avatar_url":"https://avatars.githubusercontent.com/u/94309818?v=4","gravatar_id":"","url":"https://api.github.com/users/arunarudra","html_url":"https://github.com/arunarudra","followers_url":"https://api.github.com/users/arunarudra/followers","following_url":"https://api.github.com/users/arunarudra/following{/other_user}","gists_url":"https://api.github.com/users/arunarudra/gists{/gist_id}","starred_url":"https://api.github.com/users/arunarudra/starred{/owner}{/repo}","subscriptions_url":"https://api.github.com/users/arunarudra/subscriptions","organizations_url":"https://api.github.com/users/arunarudra/orgs","repos_url":"https://api.github.com/users/arunarudra/repos","events_url":"https://api.github.com/users/arunarudra/events{/privacy}","received_events_url":"https://api.github.com/users/arunarudra/received_events","type":"User","site_admin":false},"html_url":"https://github.com/arunarudra/Project1","description":null,"fork":false,"url":"https://api.github.com/repos/arunarudra/Project1","forks_url":"https://api.github.com/repos/arunarudra/Project1/forks","keys_url":"https://api.github.com/repos/arunarudra/Project1/keys{/key_id}","collaborators_url":"https://api.github.com/repos/arunarudra/Project1/collaborators{/collaborator}","teams_url":"https://api.github.com/repos/arunarudra/Project1/teams","hooks_url":"https://api.github.com/repos/arunarudra/Project1/hooks","issue_events_url":"https://api.github.com/repos/arunarudra/Project1/issues/events{/number}","events_url":"https://api.github.com/repos/arunarudra/Project1/events","assignees_url":"https://api.github.com/repos/arunarudra/Project1/assignees{/user}","branches_url":"https://api.github.com/repos/arunarudra/Project1/branches{/branch}","tags_url":"https://api.github.com/repos/arunarudra/Project1/tags","blobs_url":"https://api.github.com/repos/arunarudra/Project1/git/blobs{/sha}","git_tags_url":"https://api.github.com/repos/arunarudra/Project1/git/tags{/sha}","git_refs_url":"https://api.github.com/repos/arunarudra/Project1/git/refs{/sha}","trees_url":"https://api.github.com/repos/arunarudra/Project1/git/trees{/sha}","statuses_url":"https://api.github.com/repos/arunarudra/Project1/statuses/{sha}","languages_url":"https://api.github.com/repos/arunarudra/Project1/languages","stargazers_url":"https://api.github.com/repos/arunarudra/Project1/stargazers","contributors_url":"https://api.github.com/repos/arunarudra/Project1/contributors","subscribers_url":"https://api.github.com/repos/arunarudra/Project1/subscribers","subscription_url":"https://api.github.com/repos/arunarudra/Project1/subscription","commits_url":"https://api.github.com/repos/arunarudra/Project1/commits{/sha}","git_commits_url":"https://api.github.com/repos/arunarudra/Project1/git/commits{/sha}","comments_url":"https://api.github.com/repos/arunarudra/Project1/comments{/number}","issue_comment_url":"https://api.github.com/repos/arunarudra/Project1/issues/comments{/number}","contents_url":"https://api.github.com/repos/arunarudra/Project1/contents/{+path}","compare_url":"https://api.github.com/repos/arunarudra/Project1/compare/{base}...{head}","merges_url":"https://api.github.com/repos/arunarudra/Project1/merges","archive_url":"https://api.github.com/repos/arunarudra/Project1/{archive_format}{/ref}","downloads_url":"https://api.github.com/repos/arunarudra/Project1/downloads","issues_url":"https://api.github.com/repos/arunarudra/Project1/issues{/number}","pulls_url":"https://api.github.com/repos/arunarudra/Project1/pulls{/number}","milestones_url":"https://api.github.com/repos/arunarudra/Project1/milestones{/number}","notifications_url":"https://api.github.com/repos/arunarudra/Project1/notifications{?since,all,participating}","labels_url":"https://api.github.com/repos/arunarudra/Project1/labels{/name}","releases_url":"https://api.github.com/repos/arunarudra/Project1/releases{/id}","deployments_url":"https://api.github.com/repos/arunarudra/Project1/deployments","created_at":"2022-02-20T06:30:57Z","updated_at":"2022-02-20T06:31:55Z","pushed_at":"2022-02-20T06:31:52Z","git_url":"git://github.com/arunarudra/Project1.git","ssh_url":"git@github.com:arunarudra/Project1.git","clone_url":"https://github.com/arunarudra/Project1.git","svn_url":"https://github.com/arunarudra/Project1","homepage":null,"size":0,"stargazers_count":0,"watchers_count":0,"language":"Java","has_issues":true,"has_projects":true,"has_downloads":true,"has_wiki":true,"has_pages":false,"forks_count":0,"mirror_url":null,"archived":false,"disabled":false,"open_issues_count":0,"license":null,"allow_forking":true,"is_template":false,"topics":[],"visibility":"public","forks":0,"open_issues":0,"watchers":0,"default_branch":"master"},{"id":471591439,"node_id":"R_kgDOHBvqDw","name":"selenium-Maven","full_name":"arunarudra/selenium-Maven","private":false,"owner":{"login":"arunarudra","id":94309818,"node_id":"U_kgDOBZ8Nug","avatar_url":"https://avatars.githubusercontent.com/u/94309818?v=4","gravatar_id":"","url":"https://api.github.com/users/arunarudra","html_url":"https://github.com/arunarudra","followers_url":"https://api.github.com/users/arunarudra/followers","following_url":"https://api.github.com/users/arunarudra/following{/other_user}","gists_url":"https://api.github.com/users/arunarudra/gists{/gist_id}","starred_url":"https://api.github.com/users/arunarudra/starred{/owner}{/repo}","subscriptions_url":"https://api.github.com/users/arunarudra/subscriptions","organizations_url":"https://api.github.com/users/arunarudra/orgs","repos_url":"https://api.github.com/users/arunarudra/repos","events_url":"https://api.github.com/users/arunarudra/events{/privacy}","received_events_url":"https://api.github.com/users/arunarudra/received_events","type":"User","site_admin":false},"html_url":"https://github.com/arunarudra/selenium-Maven","description":null,"fork":false,"url":"https://api.github.com/repos/arunarudra/selenium-Maven","forks_url":"https://api.github.com/repos/arunarudra/selenium-Maven/forks","keys_url":"https://api.github.com/repos/arunarudra/selenium-Maven/keys{/key_id}","collaborators_url":"https://api.github.com/repos/arunarudra/selenium-Maven/collaborators{/collaborator}","teams_url":"https://api.github.com/repos/arunarudra/selenium-Maven/teams","hooks_url":"https://api.github.com/repos/arunarudra/selenium-Maven/hooks","issue_events_url":"https://api.github.com/repos/arunarudra/selenium-Maven/issues/events{/number}","events_url":"https://api.github.com/repos/arunarudra/selenium-Maven/events","assignees_url":"https://api.github.com/repos/arunarudra/selenium-Maven/assignees{/user}","branches_url":"https://api.github.com/repos/arunarudra/selenium-Maven/branches{/branch}","tags_url":"https://api.github.com/repos/arunarudra/selenium-Maven/tags","blobs_url":"https://api.github.com/repos/arunarudra/selenium-Maven/git/blobs{/sha}","git_tags_url":"https://api.github.com/repos/arunarudra/selenium-Maven/git/tags{/sha}","git_refs_url":"https://api.github.com/repos/arunarudra/selenium-Maven/git/refs{/sha}","trees_url":"https://api.github.com/repos/arunarudra/selenium-Maven/git/trees{/sha}","statuses_url":"https://api.github.com/repos/arunarudra/selenium-Maven/statuses/{sha}","languages_url":"https://api.github.com/repos/arunarudra/selenium-Maven/languages","stargazers_url":"https://api.github.com/repos/arunarudra/selenium-Maven/stargazers","contributors_url":"https://api.github.com/repos/arunarudra/selenium-Maven/contributors","subscribers_url":"https://api.github.com/repos/arunarudra/selenium-Maven/subscribers","subscription_url":"https://api.github.com/repos/arunarudra/selenium-Maven/subscription","commits_url":"https://api.github.com/repos/arunarudra/selenium-Maven/commits{/sha}","git_commits_url":"https://api.github.com/repos/arunarudra/selenium-Maven/git/commits{/sha}","comments_url":"https://api.github.com/repos/arunarudra/selenium-Maven/comments{/number}","issue_comment_url":"https://api.github.com/repos/arunarudra/selenium-Maven/issues/comments{/number}","contents_url":"https://api.github.com/repos/arunarudra/selenium-Maven/contents/{+path}","compare_url":"https://api.github.com/repos/arunarudra/selenium-Maven/compare/{base}...{head}","merges_url":"https://api.github.com/repos/arunarudra/selenium-Maven/merges","archive_url":"https://api.github.com/repos/arunarudra/selenium-Maven/{archive_format}{/ref}","downloads_url":"https://api.github.com/repos/arunarudra/selenium-Maven/downloads","issues_url":"https://api.github.com/repos/arunarudra/selenium-Maven/issues{/number}","pulls_url":"https://api.github.com/repos/arunarudra/selenium-Maven/pulls{/number}","milestones_url":"https://api.github.com/repos/arunarudra/selenium-Maven/milestones{/number}","notifications_url":"https://api.github.com/repos/arunarudra/selenium-Maven/notifications{?since,all,participating}","labels_url":"https://api.github.com/repos/arunarudra/selenium-Maven/labels{/name}","releases_url":"https://api.github.com/repos/arunarudra/selenium-Maven/releases{/id}","deployments_url":"https://api.github.com/repos/arunarudra/selenium-Maven/deployments","created_at":"2022-03-19T04:28:36Z","updated_at":"2022-03-19T04:51:35Z","pushed_at":"2022-05-11T10:07:28Z","git_url":"git://github.com/arunarudra/selenium-Maven.git","ssh_url":"git@github.com:arunarudra/selenium-Maven.git","clone_url":"https://github.com/arunarudra/selenium-Maven.git","svn_url":"https://github.com/arunarudra/selenium-Maven","homepage":null,"size":13536,"stargazers_count":0,"watchers_count":0,"language":"HTML","has_issues":true,"has_projects":true,"has_downloads":true,"has_wiki":true,"has_pages":false,"forks_count":0,"mirror_url":null,"archived":false,"disabled":false,"open_issues_count":0,"license":null,"allow_forking":true,"is_template":false,"topics":[],"visibility":"public","forks":0,"open_issues":0,"watchers":0,"default_branch":"master"},{"id":455887213,"node_id":"R_kgDOGyxJbQ","name":"seleniumchallange","full_name":"arunarudra/seleniumchallange","private":false,"owner":{"login":"arunarudra","id":94309818,"node_id":"U_kgDOBZ8Nug","avatar_url":"https://avatars.githubusercontent.com/u/94309818?v=4","gravatar_id":"","url":"https://api.github.com/users/arunarudra","html_url":"https://github.com/arunarudra","followers_url":"https://api.github.com/users/arunarudra/followers","following_url":"https://api.github.com/users/arunarudra/following{/other_user}","gists_url":"https://api.github.com/users/arunarudra/gists{/gist_id}","starred_url":"https://api.github.com/users/arunarudra/starred{/owner}{/repo}","subscriptions_url":"https://api.github.com/users/arunarudra/subscriptions","organizations_url":"https://api.github.com/users/arunarudra/orgs","repos_url":"https://api.github.com/users/arunarudra/repos","events_url":"https://api.github.com/users/arunarudra/events{/privacy}","received_events_url":"https://api.github.com/users/arunarudra/received_events","type":"User","site_admin":false},"html_url":"https://github.com/arunarudra/seleniumchallange","description":null,"fork":false,"url":"https://api.github.com/repos/arunarudra/seleniumchallange","forks_url":"https://api.github.com/repos/arunarudra/seleniumchallange/forks","keys_url":"https://api.github.com/repos/arunarudra/seleniumchallange/keys{/key_id}","collaborators_url":"https://api.github.com/repos/arunarudra/seleniumchallange/collaborators{/collaborator}","teams_url":"https://api.github.com/repos/arunarudra/seleniumchallange/teams","hooks_url":"https://api.github.com/repos/arunarudra/seleniumchallange/hooks","issue_events_url":"https://api.github.com/repos/arunarudra/seleniumchallange/issues/events{/number}","events_url":"https://api.github.com/repos/arunarudra/seleniumchallange/events","assignees_url":"https://api.github.com/repos/arunarudra/seleniumchallange/assignees{/user}","branches_url":"https://api.github.com/repos/arunarudra/seleniumchallange/branches{/branch}","tags_url":"https://api.github.com/repos/arunarudra/seleniumchallange/tags","blobs_url":"https://api.github.com/repos/arunarudra/seleniumchallange/git/blobs{/sha}","git_tags_url":"https://api.github.com/repos/arunarudra/seleniumchallange/git/tags{/sha}","git_refs_url":"https://api.github.com/repos/arunarudra/seleniumchallange/git/refs{/sha}","trees_url":"https://api.github.com/repos/arunarudra/seleniumchallange/git/trees{/sha}","statuses_url":"https://api.github.com/repos/arunarudra/seleniumchallange/statuses/{sha}","languages_url":"https://api.github.com/repos/arunarudra/seleniumchallange/languages","stargazers_url":"https://api.github.com/repos/arunarudra/seleniumchallange/stargazers","contributors_url":"https://api.github.com/repos/arunarudra/seleniumchallange/contributors","subscribers_url":"https://api.github.com/repos/arunarudra/seleniumchallange/subscribers","subscription_url":"https://api.github.com/repos/arunarudra/seleniumchallange/subscription","commits_url":"https://api.github.com/repos/arunarudra/seleniumchallange/commits{/sha}","git_commits_url":"https://api.github.com/repos/arunarudra/seleniumchallange/git/commits{/sha}","comments_url":"https://api.github.com/repos/arunarudra/seleniumchallange/comments{/number}","issue_comment_url":"https://api.github.com/repos/arunarudra/seleniumchallange/issues/comments{/number}","contents_url":"https://api.github.com/repos/arunarudra/seleniumchallange/contents/{+path}","compare_url":"https://api.github.com/repos/arunarudra/seleniumchallange/compare/{base}...{head}","merges_url":"https://api.github.com/repos/arunarudra/seleniumchallange/merges","archive_url":"https://api.github.com/repos/arunarudra/seleniumchallange/{archive_format}{/ref}","downloads_url":"https://api.github.com/repos/arunarudra/seleniumchallange/downloads","issues_url":"https://api.github.com/repos/arunarudra/seleniumchallange/issues{/number}","pulls_url":"https://api.github.com/repos/arunarudra/seleniumchallange/pulls{/number}","milestones_url":"https://api.github.com/repos/arunarudra/seleniumchallange/milestones{/number}","notifications_url":"https://api.github.com/repos/arunarudra/seleniumchallange/notifications{?since,all,participating}","labels_url":"https://api.github.com/repos/arunarudra/seleniumchallange/labels{/name}","releases_url":"https://api.github.com/repos/arunarudra/seleniumchallange/releases{/id}","deployments_url":"https://api.github.com/repos/arunarudra/seleniumchallange/deployments","created_at":"2022-02-05T14:09:24Z","updated_at":"2022-02-05T14:21:05Z","pushed_at":"2022-02-05T14:21:02Z","git_url":"git://github.com/arunarudra/seleniumchallange.git","ssh_url":"git@github.com:arunarudra/seleniumchallange.git","clone_url":"https://github.com/arunarudra/seleniumchallange.git","svn_url":"https://github.com/arunarudra/seleniumchallange","homepage":null,"size":0,"stargazers_count":0,"watchers_count":0,"language":"Java","has_issues":true,"has_projects":true,"has_downloads":true,"has_wiki":true,"has_pages":false,"forks_count":0,"mirror_url":null,"archived":false,"disabled":false,"open_issues_count":0,"license":null,"allow_forking":true,"is_template":false,"topics":[],"visibility":"public","forks":0,"open_issues":0,"watchers":0,"default_branch":"master"},{"id":461385106,"node_id":"R_kgDOG4Atkg","name":"SeleniumTests","full_name":"arunarudra/SeleniumTests","private":false,"owner":{"login":"arunarudra","id":94309818,"node_id":"U_kgDOBZ8Nug","avatar_url":"https://avatars.githubusercontent.com/u/94309818?v=4","gravatar_id":"","url":"https://api.github.com/users/arunarudra","html_url":"https://github.com/arunarudra","followers_url":"https://api.github.com/users/arunarudra/followers","following_url":"https://api.github.com/users/arunarudra/following{/other_user}","gists_url":"https://api.github.com/users/arunarudra/gists{/gist_id}","starred_url":"https://api.github.com/users/arunarudra/starred{/owner}{/repo}","subscriptions_url":"https://api.github.com/users/arunarudra/subscriptions","organizations_url":"https://api.github.com/users/arunarudra/orgs","repos_url":"https://api.github.com/users/arunarudra/repos","events_url":"https://api.github.com/users/arunarudra/events{/privacy}","received_events_url":"https://api.github.com/users/arunarudra/received_events","type":"User","site_admin":false},"html_url":"https://github.com/arunarudra/SeleniumTests","description":null,"fork":false,"url":"https://api.github.com/repos/arunarudra/SeleniumTests","forks_url":"https://api.github.com/repos/arunarudra/SeleniumTests/forks","keys_url":"https://api.github.com/repos/arunarudra/SeleniumTests/keys{/key_id}","collaborators_url":"https://api.github.com/repos/arunarudra/SeleniumTests/collaborators{/collaborator}","teams_url":"https://api.github.com/repos/arunarudra/SeleniumTests/teams","hooks_url":"https://api.github.com/repos/arunarudra/SeleniumTests/hooks","issue_events_url":"https://api.github.com/repos/arunarudra/SeleniumTests/issues/events{/number}","events_url":"https://api.github.com/repos/arunarudra/SeleniumTests/events","assignees_url":"https://api.github.com/repos/arunarudra/SeleniumTests/assignees{/user}","branches_url":"https://api.github.com/repos/arunarudra/SeleniumTests/branches{/branch}","tags_url":"https://api.github.com/repos/arunarudra/SeleniumTests/tags","blobs_url":"https://api.github.com/repos/arunarudra/SeleniumTests/git/blobs{/sha}","git_tags_url":"https://api.github.com/repos/arunarudra/SeleniumTests/git/tags{/sha}","git_refs_url":"https://api.github.com/repos/arunarudra/SeleniumTests/git/refs{/sha}","trees_url":"https://api.github.com/repos/arunarudra/SeleniumTests/git/trees{/sha}","statuses_url":"https://api.github.com/repos/arunarudra/SeleniumTests/statuses/{sha}","languages_url":"https://api.github.com/repos/arunarudra/SeleniumTests/languages","stargazers_url":"https://api.github.com/repos/arunarudra/SeleniumTests/stargazers","contributors_url":"https://api.github.com/repos/arunarudra/SeleniumTests/contributors","subscribers_url":"https://api.github.com/repos/arunarudra/SeleniumTests/subscribers","subscription_url":"https://api.github.com/repos/arunarudra/SeleniumTests/subscription","commits_url":"https://api.github.com/repos/arunarudra/SeleniumTests/commits{/sha}","git_commits_url":"https://api.github.com/repos/arunarudra/SeleniumTests/git/commits{/sha}","comments_url":"https://api.github.com/repos/arunarudra/SeleniumTests/comments{/number}","issue_comment_url":"https://api.github.com/repos/arunarudra/SeleniumTests/issues/comments{/number}","contents_url":"https://api.github.com/repos/arunarudra/SeleniumTests/contents/{+path}","compare_url":"https://api.github.com/repos/arunarudra/SeleniumTests/compare/{base}...{head}","merges_url":"https://api.github.com/repos/arunarudra/SeleniumTests/merges","archive_url":"https://api.github.com/repos/arunarudra/SeleniumTests/{archive_format}{/ref}","downloads_url":"https://api.github.com/repos/arunarudra/SeleniumTests/downloads","issues_url":"https://api.github.com/repos/arunarudra/SeleniumTests/issues{/number}","pulls_url":"https://api.github.com/repos/arunarudra/SeleniumTests/pulls{/number}","milestones_url":"https://api.github.com/repos/arunarudra/SeleniumTests/milestones{/number}","notifications_url":"https://api.github.com/repos/arunarudra/SeleniumTests/notifications{?since,all,participating}","labels_url":"https://api.github.com/repos/arunarudra/SeleniumTests/labels{/name}","releases_url":"https://api.github.com/repos/arunarudra/SeleniumTests/releases{/id}","deployments_url":"https://api.github.com/repos/arunarudra/SeleniumTests/deployments","created_at":"2022-02-20T04:40:05Z","updated_at":"2022-02-20T04:44:31Z","pushed_at":"2022-02-20T04:44:28Z","git_url":"git://github.com/arunarudra/SeleniumTests.git","ssh_url":"git@github.com:arunarudra/SeleniumTests.git","clone_url":"https://github.com/arunarudra/SeleniumTests.git","svn_url":"https://github.com/arunarudra/SeleniumTests","homepage":null,"size":5,"stargazers_count":0,"watchers_count":0,"language":"Java","has_issues":true,"has_projects":true,"has_downloads":true,"has_wiki":true,"has_pages":false,"forks_count":0,"mirror_url":null,"archived":false,"disabled":false,"open_issues_count":0,"license":null,"allow_forking":true,"is_template":false,"topics":[],"visibility":"public","forks":0,"open_issues":0,"watchers":0,"default_branch":"master"}]
200
]]></system-out>
  </testcase>
  <testcase name="test2" classname="GitHub.APIoperations" time="1.446">
    <system-out><![CDATA[201
]]></system-out>
  </testcase>
</testsuite>