<?xml version="1.0" encoding="UTF-8"?>
<testng-results skipped="0" failed="0" ignored="0" total="2" passed="2">
  <reporter-output>
  </reporter-output>
  <suite name="Suite" duration-ms="4002" started-at="2022-05-31T18:44:00Z" finished-at="2022-05-31T18:44:04Z">
    <groups>
    </groups>
    <test name="Test" duration-ms="4002" started-at="2022-05-31T18:44:00Z" finished-at="2022-05-31T18:44:04Z">
      <class name="GitHub.APIoperations">
        <test-method status="PASS" signature="test1()[pri:0, instance:GitHub.APIoperations@add0edd]" name="test1" duration-ms="2478" started-at="2022-05-31T18:44:00Z" finished-at="2022-05-31T18:44:02Z">
          <reporter-output>
          </reporter-output>
        </test-method> <!-- test1 -->
        <test-method status="PASS" signature="test2()[pri:0, instance:GitHub.APIoperations@add0edd]" name="test2" duration-ms="1491" started-at="2022-05-31T18:44:02Z" finished-at="2022-05-31T18:44:04Z">
          <reporter-output>
          </reporter-output>
        </test-method> <!-- test2 -->
      </class> <!-- GitHub.APIoperations -->
    </test> <!-- Test -->
  </suite> <!-- Suite -->
</testng-results>
